0.031 0.093 -0.056 1.000
0.576 0.093 -0.037 1.000
1.087 0.093 0.000 0.981
1.536 0.093 -0.037 0.981
1.696 0.093 -0.037 1.000
2.207 0.074 -0.037 0.981
2.399 0.074 -0.037 1.000
2.783 0.074 -0.037 1.019
2.976 0.074 -0.037 0.981
3.456 0.093 -0.037 0.963
3.647 -0.222 0.222 0.870
4.191 -0.352 0.241 0.870
4.352 -0.500 0.370 0.667
4.800 -0.500 0.444 0.704
4.959 -0.352 0.444 0.759
5.311 -0.259 0.463 0.796
5.471 -0.148 0.407 0.889
5.855 -0.093 0.389 0.907
6.048 0.093 0.352 0.944
6.527 0.111 0.259 0.926
6.687 0.259 0.241 0.926
7.168 0.315 0.185 0.907
7.360 0.370 -0.074 0.944
7.872 0.204 -0.222 0.926
8.031 -0.167 -0.185 1.000
8.543 -0.333 -0.093 0.926
8.735 -0.704 -0.056 0.685
9.248 -0.759 -0.037 0.648
9.440 -0.167 -0.056 1.037
9.855 0.130 0.037 0.981
10.016 0.426 -0.019 0.907
10.464 0.463 0.056 0.833
10.656 0.481 0.074 0.870
11.071 0.370 0.148 0.981
11.231 0.111 0.352 0.889
11.647 0.130 0.611 0.685
11.808 0.037 0.870 0.481
12.160 0.019 0.778 0.648
12.288 -0.019 -0.315 1.037
12.640 -0.093 -0.537 0.852
12.800 -0.130 -0.426 0.907
13.279 -0.111 -0.352 0.981
13.471 -0.148 0.185 0.981
13.888 0.019 0.259 1.037
14.048 0.130 0.185 0.963
14.495 0.204 0.037 1.037
14.687 0.056 -0.037 1.037
15.135 0.037 -0.037 1.000
15.359 0.037 -0.037 0.981
15.840 0.037 -0.037 1.000
16.064 0.037 -0.037 0.981
16.512 0.037 -0.037 1.000
16.671 0.037 -0.037 1.000
17.087 0.037 -0.037 0.981
17.247 0.056 -0.019 0.981
17.664 0.019 -0.019 1.000
17.855 0.037 -0.037 1.000
18.368 0.037 -0.037 1.019
18.559 0.037 -0.037 1.000
18.975 0.037 0.000 1.000
19.199 0.056 -0.037 0.981
19.615 0.037 0.000 1.000
19.808 0.037 -0.037 1.000

Changed division to multiplication


0.005 0.037 -0.037 0.999
0.584 -0.388 -0.351 0.888
1.096 -0.037 -0.092 0.999
1.544 0.130 0.277 0.999
1.704 -0.185 -0.055 1.036
2.088 -0.296 -0.407 0.758
2.248 -0.203 -0.351 1.128
2.568 0.074 0.037 1.073
2.728 -0.018 0.499 0.851
3.208 -0.055 0.777 0.574
3.432 -0.055 -0.037 0.962
3.880 -0.166 -0.555 0.777
4.072 -0.092 -0.222 0.851
4.584 -0.130 -0.130 0.962
4.776 -0.055 0.037 0.999
5.224 0.018 -0.074 0.962
5.416 0.074 -0.037 1.036
5.864 0.055 0.000 0.999
6.056 0.037 -0.037 0.999
6.504 0.018 -0.037 0.999
6.728 0.037 -0.037 0.999
7.208 0.018 -0.037 0.962
7.400 0.018 -0.037 0.980

Plots redrawing disabled


0.015 0.018 -0.037 0.980
0.335 0.037 0.000 0.962
0.526 -0.037 -0.018 0.999
0.686 0.018 -0.037 0.999
0.719 0.018 -0.037 0.980
0.879 0.000 -0.037 0.999
0.910 0.018 -0.037 0.999
1.070 0.018 -0.037 0.999
1.102 0.018 -0.018 0.999
1.262 -0.018 -0.037 0.999
1.646 0.018 -0.037 0.999
1.806 0.018 -0.037 1.017
1.838 0.018 -0.037 0.999
1.999 0.018 -0.018 0.980
2.031 0.055 -0.037 0.980
2.190 0.018 -0.037 0.999
2.223 0.018 -0.037 0.980
2.350 0.018 -0.037 0.999
2.382 0.018 -0.037 0.999
2.510 0.037 -0.037 0.999
2.542 0.018 0.018 0.999
2.702 0.037 -0.037 1.017
2.734 0.018 -0.037 1.017
2.894 0.018 -0.037 0.980
2.926 0.018 -0.037 0.999
3.054 0.018 -0.055 0.980
3.086 0.018 -0.018 0.980
3.214 0.018 -0.037 1.017
3.246 0.018 -0.037 0.999
3.374 0.037 -0.018 0.999
3.407 0.018 -0.037 0.999
3.534 0.037 -0.055 0.999
3.567 0.018 -0.037 0.999
3.727 0.018 -0.037 0.999
3.758 0.055 -0.037 0.999
3.886 0.018 -0.037 0.999
3.918 0.018 -0.037 0.999
4.047 0.018 -0.037 0.999
4.079 0.037 -0.037 0.999
4.238 0.018 -0.037 0.999
4.270 -0.018 -0.037 0.999
4.398 0.037 0.000 0.999
4.430 0.018 0.000 1.017
4.558 0.018 -0.037 0.980
4.590 0.037 -0.037 1.017
4.750 0.037 -0.037 0.999
4.783 0.018 -0.037 0.999
4.910 0.000 -0.037 0.999
4.942 -0.018 -0.037 0.980
5.102 0.037 0.000 0.999
5.134 0.018 -0.055 0.980
5.294 -0.018 -0.055 0.999
5.326 0.037 -0.055 0.999
5.454 -0.018 -0.037 0.999
5.486 0.037 -0.018 0.980
5.646 0.037 -0.037 0.962
5.679 0.018 -0.037 0.980
5.807 0.037 -0.037 0.980
5.838 0.000 -0.037 1.017
5.999 0.018 -0.037 0.980
6.031 0.018 -0.037 1.017
6.190 -0.018 -0.037 0.999
6.222 0.018 -0.055 0.999
6.350 0.037 -0.018 0.999
6.382 0.018 -0.037 0.980
6.510 0.000 -0.055 0.999
6.542 0.018 -0.037 0.999
6.703 0.018 -0.055 0.980
6.734 0.037 -0.037 0.980
6.895 0.037 -0.037 0.980
6.926 0.037 -0.037 0.980
7.054 0.018 -0.037 0.980
7.086 0.037 -0.037 1.017

# More apps closed
0.018 0.000 -0.037 0.980
0.337 0.018 -0.018 0.999
0.529 0.018 -0.018 0.999
0.690 0.018 -0.037 0.980
0.722 0.018 -0.037 0.999
0.882 0.018 -0.037 0.999
0.914 0.037 -0.037 0.999
1.042 0.018 -0.037 0.999
1.073 0.037 -0.037 0.999
1.234 0.018 -0.055 0.999
1.266 0.018 -0.055 0.980
1.425 0.037 -0.037 0.999
1.457 0.037 -0.037 0.980
1.617 0.018 -0.037 0.999
1.650 0.037 -0.037 0.980
1.810 0.037 -0.037 0.980
1.841 0.018 -0.037 0.999
2.001 0.037 -0.018 0.999
2.033 0.037 -0.037 0.980
2.194 0.000 -0.037 0.980
2.226 0.018 -0.074 0.999
2.385 0.037 -0.037 0.999
2.417 0.018 -0.037 0.999
2.578 0.037 -0.037 1.036
2.609 0.037 -0.018 0.999
2.769 0.018 0.000 1.017
2.802 0.018 -0.018 0.999
2.962 0.018 0.000 1.017
2.993 0.037 -0.037 0.999
3.121 0.018 0.000 0.980
3.153 -0.018 -0.018 0.999
3.281 0.018 -0.037 0.999
3.314 0.037 0.000 0.980
3.441 0.018 -0.055 0.980
3.473 0.000 -0.037 0.962
3.601 0.018 -0.018 0.999
3.633 0.018 0.000 0.980
3.793 0.037 -0.018 0.999
3.825 0.037 -0.037 0.999
3.985 0.018 -0.037 0.980
4.017 0.000 -0.037 0.999
4.178 0.018 -0.037 0.999
4.209 0.018 -0.037 0.999
4.369 0.018 -0.037 0.980
4.401 0.037 -0.037 0.962
4.562 0.018 -0.037 0.999
4.593 -0.018 -0.037 0.999
4.721 0.037 -0.037 0.999
4.753 0.018 -0.037 0.980
4.881 0.018 -0.055 0.999
4.914 0.018 -0.037 0.999
5.073 0.000 -0.055 0.999
5.105 0.018 -0.037 1.017
5.266 0.018 -0.037 1.017
5.297 0.018 -0.037 1.017
5.457 0.037 -0.018 0.999
5.490 0.018 -0.037 0.999
5.649 0.037 -0.037 0.962
5.682 0.018 -0.037 0.999
5.841 0.018 -0.037 0.999
5.874 -0.037 -0.037 0.999
6.033 0.018 -0.018 0.999
6.065 0.018 -0.037 0.980
6.225 -0.018 -0.055 0.980
6.258 0.018 -0.037 0.999
6.417 0.018 -0.055 0.999
6.450 0.037 -0.037 1.017
6.609 0.018 -0.037 0.999
6.641 0.037 0.000 0.999
6.801 0.037 -0.037 0.999
6.833 0.018 -0.037 0.999
6.961 0.018 0.000 0.999
6.993 0.018 -0.055 0.962
7.154 -0.018 -0.037 0.999
7.185 0.018 -0.037 1.017
7.346 0.018 0.000 0.980
7.377 0.018 -0.037 0.999
7.506 0.018 -0.037 0.999
7.538 0.037 -0.055 0.999
7.697 0.000 -0.055 0.980
7.762 0.037 -0.055 1.017
7.921 0.037 -0.037 0.999
7.953 0.037 -0.037 0.980
8.113 0.055 -0.037 1.017
8.146 0.018 0.018 0.980
8.274 0.018 -0.037 1.017
8.305 0.037 -0.037 0.962
8.465 0.018 -0.037 0.980
8.497 0.037 -0.037 0.999
8.657 0.037 -0.037 0.999
8.689 0.018 -0.037 0.999
8.817 0.018 -0.037 0.999
8.849 0.018 -0.037 0.999
8.977 0.018 -0.037 0.999
9.009 0.018 -0.037 1.017
9.137 0.037 -0.037 0.962
9.170 0.018 -0.037 1.017
